c:\users\wendi\desktop\ese599_project2\debug\ese599_project2.pch
c:\users\wendi\desktop\ese599_project2\debug\vc120.pdb
c:\users\wendi\desktop\ese599_project2\debug\vc120.idb
c:\users\wendi\desktop\ese599_project2\debug\stdafx.obj
c:\users\wendi\desktop\ese599_project2\debug\camera.obj
c:\users\wendi\desktop\ese599_project2\debug\camera_dist_coeff.obj
c:\users\wendi\desktop\ese599_project2\debug\camera_int_param.obj
c:\users\wendi\desktop\ese599_project2\debug\coord2.obj
c:\users\wendi\desktop\ese599_project2\debug\coord3.obj
c:\users\wendi\desktop\ese599_project2\debug\ese599_project2.obj
c:\users\wendi\desktop\ese599_project2\debug\ese599_project2doc.obj
c:\users\wendi\desktop\ese599_project2\debug\ese599_project2view.obj
c:\users\wendi\desktop\ese599_project2\debug\mainfrm.obj
c:\users\wendi\desktop\ese599_project2\debug\screen.obj
c:\users\wendi\desktop\ese599_project2\debug\world.obj
c:\users\wendi\desktop\debug\ese599_project2.ilk
c:\users\wendi\desktop\debug\ese599_project2.exe
c:\users\wendi\desktop\debug\ese599_project2.pdb
c:\users\wendi\desktop\ese599_project2\debug\ese599_project2.res
c:\users\wendi\desktop\ese599_project2\debug\ese599_project2.tlog\cl.command.1.tlog
c:\users\wendi\desktop\ese599_project2\debug\ese599_project2.tlog\cl.read.1.tlog
c:\users\wendi\desktop\ese599_project2\debug\ese599_project2.tlog\cl.write.1.tlog
c:\users\wendi\desktop\ese599_project2\debug\ese599_project2.tlog\link.command.1.tlog
c:\users\wendi\desktop\ese599_project2\debug\ese599_project2.tlog\link.read.1.tlog
c:\users\wendi\desktop\ese599_project2\debug\ese599_project2.tlog\link.write.1.tlog
c:\users\wendi\desktop\ese599_project2\debug\ese599_project2.tlog\rc.command.1.tlog
c:\users\wendi\desktop\ese599_project2\debug\ese599_project2.tlog\rc.read.1.tlog
c:\users\wendi\desktop\ese599_project2\debug\ese599_project2.tlog\rc.write.1.tlog
